Arguments: 
  C:\Program Files\nodejs\node.exe C:\Users\Asus\AppData\Roaming\npm\node_modules\yarn\bin\yarn.js add -D serverless-iam.roles-per-function

PATH: 
  C:\Program Files\Common Files\Oracle\Java\javapath;C:\Program Files (x86)\Common Files\Oracle\Java\javapath;C:\WINDOWS\system32;C:\WINDOWS;C:\WINDOWS\System32\Wbem;C:\WINDOWS\System32\WindowsPowerShell\v1.0\;C:\WINDOWS\System32\OpenSSH\;C:\Program Files\Microsoft SQL Server\130\Tools\Binn\;C:\Program Files\Microsoft SQL Server\Client SDK\ODBC\170\Tools\Binn\;C:\Program Files\dotnet\;C:\Program Files\Java\jdk1.8.0_211\bin;C:\Program Files\apache-maven-3.8.1\bin;C:\Program Files\Git\cmd;C:\gradle-7.3.3\bin;;C:\Program Files\Docker\Docker\resources\bin;C:\ProgramData\DockerDesktop\version-bin;C:\Program Files\nodejs\;C:\Users\Asus\AppData\Local\Microsoft\WindowsApps;C:\Users\Asus\AppData\Local\Programs\Microsoft VS Code\bin;C:\Users\Asus\.dotnet\tools;C:\Users\Asus\AppData\Local\Google\Cloud SDK\google-cloud-sdk\bin;C:\Users\Asus\AppData\Roaming\npm;C:\Program Files\MongoDB\Server\5.0\bin;

Yarn version: 
  1.22.18

Node version: 
  16.14.1

Platform: 
  win32 x64

Trace: 
  Error: https://registry.yarnpkg.com/serverless-iam.roles-per-function: Not found
      at Request.params.callback [as _callback] (C:\Users\Asus\AppData\Roaming\npm\node_modules\yarn\lib\cli.js:66138:18)
      at Request.self.callback (C:\Users\Asus\AppData\Roaming\npm\node_modules\yarn\lib\cli.js:140883:22)
      at Request.emit (node:events:526:28)
      at Request.<anonymous> (C:\Users\Asus\AppData\Roaming\npm\node_modules\yarn\lib\cli.js:141855:10)
      at Request.emit (node:events:526:28)
      at IncomingMessage.<anonymous> (C:\Users\Asus\AppData\Roaming\npm\node_modules\yarn\lib\cli.js:141777:12)
      at Object.onceWrapper (node:events:645:28)
      at IncomingMessage.emit (node:events:538:35)
      at endReadableNT (node:internal/streams/readable:1345:12)
      at processTicksAndRejections (node:internal/process/task_queues:83:21)

npm manifest: 
  No manifest

yarn manifest: 
  No manifest

Lockfile: 
  No lockfile
